Using pre-set license
Built from '2020.2/staging' branch; Version is '2020.2.3f1 (8ff31bc5bf5b) revision 9433883'; Using compiler version '192528614'; Build Type 'Release'
OS: 'Windows 10 Home Single Language; OS build 19042.1052; Version 2009; 64bit' Language: 'ru' Physical Memory: 6077 MB
BatchMode: 1, IsHumanControllingUs: 0, StartBugReporterOnCrash: 0, Is64bit: 1, IsPro: 0

 COMMAND LINE ARGUMENTS:
C:\Program Files\Unity\Hub\Editor\2020.2.3f1\Editor\Unity.exe
-adb2
-batchMode
-noUpm
-name
AssetImportWorker0
-projectPath
C:/Users/User/Documents/GitHub/IceWorm/Game Jam
-logFile
Logs/AssetImportWorker0.log
-srvPort
55786
Successfully changed project path to: C:/Users/User/Documents/GitHub/IceWorm/Game Jam
C:/Users/User/Documents/GitHub/IceWorm/Game Jam
Using Asset Import Pipeline V2.
Refreshing native plugins compatible for Editor in 56.70 ms, found 1 plugins.
Preloading 0 native plugins for Editor in 0.00 ms.
Initialize engine version: 2020.2.3f1 (8ff31bc5bf5b)
[Subsystems] Discovering subsystems at path C:/Program Files/Unity/Hub/Editor/2020.2.3f1/Editor/Data/Resources/UnitySubsystems
[Subsystems] Discovering subsystems at path C:/Users/User/Documents/GitHub/IceWorm/Game Jam/Assets
GfxDevice: creating device client; threaded=0
Direct3D:
    Version:  Direct3D 11.0 [level 11.1]
    Renderer: NVIDIA GeForce GTX 1650 (ID=0x1f91)
    Vendor:   
    VRAM:     3962 MB
    Driver:   26.21.14.4193
Initialize mono
Mono path[0] = 'C:/Program Files/Unity/Hub/Editor/2020.2.3f1/Editor/Data/Managed'
Mono path[1] = 'C:/Program Files/Unity/Hub/Editor/2020.2.3f1/Editor/Data/MonoBleedingEdge/lib/mono/unityjit'
Mono config path = 'C:/Program Files/Unity/Hub/Editor/2020.2.3f1/Editor/Data/MonoBleedingEdge/etc'
Using monoOptions --debugger-agent=transport=dt_socket,embedding=1,server=y,suspend=n,address=127.0.0.1:56132
Begin MonoManager ReloadAssembly
Registering precompiled unity dll's ...
Register platform support module: C:/Program Files/Unity/Hub/Editor/2020.2.3f1/Editor/Data/PlaybackEngines/WindowsStandaloneSupport/UnityEditor.WindowsStandalone.Extensions.dll
Registered in 0.003472 seconds.
Native extension for WindowsStandalone target not found
Refreshing native plugins compatible for Editor in 55.00 ms, found 1 plugins.
Preloading 0 native plugins for Editor in 0.00 ms.
Invoked RoslynAnalysisRunner static constructor.
RoslynAnalysisRunner will not be running.
RoslynAnalysisRunner has terminated.
Mono: successfully reloaded assembly
- Completed reload, in  2.497 seconds
Platform modules already initialized, skipping
Registering precompiled user dll's ...
Registered in 0.001378 seconds.
Begin MonoManager ReloadAssembly
Native extension for WindowsStandalone target not found
Refreshing native plugins compatible for Editor in 59.29 ms, found 1 plugins.
Preloading 0 native plugins for Editor in 0.00 ms.
Invoked RoslynAnalysisRunner static constructor.
RoslynAnalysisRunner will not be running.
RoslynAnalysisRunner has terminated.
Mono: successfully reloaded assembly
- Completed reload, in  1.333 seconds
Platform modules already initialized, skipping
========================================================================
Worker process is ready to serve import requests
Launched and connected shader compiler UnityShaderCompiler.exe after 0.08 seconds
Refreshing native plugins compatible for Editor in 0.52 ms, found 1 plugins.
Preloading 0 native plugins for Editor in 0.00 ms.
Unloading 1894 Unused Serialized files (Serialized files now loaded: 0)
System memory in use before: 88.3 MB.
System memory in use after: 88.2 MB.

Unloading 24 unused Assets to reduce memory usage. Loaded Objects now: 2340.
Total: 3.817600 ms (FindLiveObjects: 0.604700 ms CreateObjectMapping: 0.630100 ms MarkObjects: 2.370200 ms  DeleteObjects: 0.210700 ms)

========================================================================
Received Import Request.
  path: Assets/Prefabs/GroundMain.prefab
  artifactKey: Guid(97940b1858d5f494db0ec98cd5048d84) Importer(815301076,1909f56bfc062723c751e8b465ee728b)
Start importing Assets/Prefabs/GroundMain.prefab using Guid(97940b1858d5f494db0ec98cd5048d84) Importer(815301076,1909f56bfc062723c751e8b465ee728b)  -> (artifact id: '237734179daecbc5f9112f0ffe0f8760') in 0.095558 seconds
  Import took 0.101017 seconds .

========================================================================
Received Import Request.
  Time since last request: 419.358530 seconds.
  path: Assets/Animations/Biomass.anim
  artifactKey: Guid(ab3d7bf3845754c4eb2906219cc193ae) Importer(815301076,1909f56bfc062723c751e8b465ee728b)
Start importing Assets/Animations/Biomass.anim using Guid(ab3d7bf3845754c4eb2906219cc193ae) Importer(815301076,1909f56bfc062723c751e8b465ee728b)  -> (artifact id: '3adb277ec6e4cb118102540c8fb0698c') in 0.013937 seconds
  Import took 0.018531 seconds .

========================================================================
Received Import Request.
  Time since last request: 0.002966 seconds.
  path: Assets/Animations/Biomass.anim
  artifactKey: Guid(ab3d7bf3845754c4eb2906219cc193ae) Importer(815301076,1909f56bfc062723c751e8b465ee728b)
Start importing Assets/Animations/Biomass.anim using Guid(ab3d7bf3845754c4eb2906219cc193ae) Importer(815301076,1909f56bfc062723c751e8b465ee728b)  -> (artifact id: '3adb277ec6e4cb118102540c8fb0698c') in 0.003860 seconds
  Import took 0.008204 seconds .

AssetImportWorkerClient::OnTransportError - code=2 error=End of file
